i:\dxstudy\rastertek\deferredshading\x64\debug\bitmapclass.obj
i:\dxstudy\rastertek\deferredshading\x64\debug\cameraclass.obj
i:\dxstudy\rastertek\deferredshading\x64\debug\cpuclass.obj
i:\dxstudy\rastertek\deferredshading\x64\debug\debugwindowclass.obj
i:\dxstudy\rastertek\deferredshading\x64\debug\fadeshaderclass.obj
i:\dxstudy\rastertek\deferredshading\x64\debug\fontclass.obj
i:\dxstudy\rastertek\deferredshading\x64\debug\fontshaderclass.obj
i:\dxstudy\rastertek\deferredshading\x64\debug\fpsclass.obj
i:\dxstudy\rastertek\deferredshading\x64\debug\graphicsclass.obj
i:\dxstudy\rastertek\deferredshading\x64\debug\inputclass.obj
i:\dxstudy\rastertek\deferredshading\x64\debug\lightclass.obj
i:\dxstudy\rastertek\deferredshading\x64\debug\main.obj
i:\dxstudy\rastertek\deferredshading\x64\debug\modelclass.obj
i:\dxstudy\rastertek\deferredshading\x64\debug\multitextureshaderclass.obj
i:\dxstudy\rastertek\deferredshading\x64\debug\reflectionshaderclass.obj
i:\dxstudy\rastertek\deferredshading\x64\debug\rendertotextureclass.obj
i:\dxstudy\rastertek\deferredshading\x64\debug\systemclass.obj
i:\dxstudy\rastertek\deferredshading\x64\debug\textclass.obj
i:\dxstudy\rastertek\deferredshading\x64\debug\texturearrayclass.obj
i:\dxstudy\rastertek\deferredshading\x64\debug\textureclass.obj
i:\dxstudy\rastertek\deferredshading\x64\debug\textureshaderclass.obj
i:\dxstudy\rastertek\deferredshading\x64\debug\timerclass.obj
i:\dxstudy\rastertek\deferredshading\x64\debug\transparentshaderclass.obj
i:\dxstudy\rastertek\deferredshading\x64\debug\vc142.idb
i:\dxstudy\rastertek\deferredshading\x64\debug\vc142.pdb
