i:\dxstudy\rastertek\glow\debug\vc143.pdb
i:\dxstudy\rastertek\glow\debug\vc143.idb
i:\dxstudy\rastertek\glow\debug\timerclass.obj
i:\dxstudy\rastertek\glow\debug\textureshaderclass.obj
i:\dxstudy\rastertek\glow\debug\textureclass.obj
i:\dxstudy\rastertek\glow\debug\systemclass.obj
i:\dxstudy\rastertek\glow\debug\rendertotextureclass.obj
i:\dxstudy\rastertek\glow\debug\projectionshaderclass.obj
i:\dxstudy\rastertek\glow\debug\orthowindowclass.obj
i:\dxstudy\rastertek\glow\debug\modelclass.obj
i:\dxstudy\rastertek\glow\debug\main.obj
i:\dxstudy\rastertek\glow\debug\lightshaderclass.obj
i:\dxstudy\rastertek\glow\debug\lightclass.obj
i:\dxstudy\rastertek\glow\debug\inputclass.obj
i:\dxstudy\rastertek\glow\debug\horizontalblurshaderclass.obj
i:\dxstudy\rastertek\glow\debug\graphicsclass.obj
i:\dxstudy\rastertek\glow\debug\glowshaderclass.obj
i:\dxstudy\rastertek\glow\debug\fpsclass.obj
i:\dxstudy\rastertek\glow\debug\d3dclass.obj
i:\dxstudy\rastertek\glow\debug\cpuclass.obj
i:\dxstudy\rastertek\glow\debug\cameraclass.obj
i:\dxstudy\rastertek\glow\debug\bitmapclass.obj
i:\dxstudy\rastertek\glow\debug\viewpointclass.obj
i:\dxstudy\rastertek\glow\debug\verticalblurshaderclass.obj
i:\dxstudy\rastertek\glow\debug\glow.exe
i:\dxstudy\rastertek\glow\debug\glow.ilk
i:\dxstudy\rastertek\glow\debug\glow.pdb
i:\dxstudy\rastertek\glow\debug\glow.tlog\cl.command.1.tlog
i:\dxstudy\rastertek\glow\debug\glow.tlog\cl.items.tlog
i:\dxstudy\rastertek\glow\debug\glow.tlog\cl.read.1.tlog
i:\dxstudy\rastertek\glow\debug\glow.tlog\cl.write.1.tlog
i:\dxstudy\rastertek\glow\debug\glow.tlog\link.command.1.tlog
i:\dxstudy\rastertek\glow\debug\glow.tlog\link.read.1.tlog
i:\dxstudy\rastertek\glow\debug\glow.tlog\link.write.1.tlog
