i:\dxstudy\rastertek\engine\debug\vc142.pdb
i:\dxstudy\rastertek\engine\debug\vc142.idb
i:\dxstudy\rastertek\engine\debug\textureclass.obj
i:\dxstudy\rastertek\engine\debug\systemclass.obj
i:\dxstudy\rastertek\engine\debug\modelclass.obj
i:\dxstudy\rastertek\engine\debug\inputclass.obj
i:\dxstudy\rastertek\engine\debug\main.obj
i:\dxstudy\rastertek\engine\debug\d3dclass.obj
i:\dxstudy\rastertek\engine\debug\cameraclass.obj
i:\dxstudy\rastertek\engine\debug\graphicsclass.obj
i:\dxstudy\rastertek\engine\debug\textureshaderclass.obj
i:\dxstudy\rastertek\engine\debug\lightclass.obj
i:\dxstudy\rastertek\engine\debug\lightshaderclass.obj
i:\dxstudy\rastertek\engine\debug\textureshader.cso
i:\dxstudy\rastertek\engine\debug\engine.exe
i:\dxstudy\rastertek\engine\debug\engine.ilk
i:\dxstudy\rastertek\engine\debug\engine.pdb
i:\dxstudy\rastertek\engine\debug\engine.tlog\cl.command.1.tlog
i:\dxstudy\rastertek\engine\debug\engine.tlog\cl.read.1.tlog
i:\dxstudy\rastertek\engine\debug\engine.tlog\cl.write.1.tlog
i:\dxstudy\rastertek\engine\debug\engine.tlog\fxc.command.1.tlog
i:\dxstudy\rastertek\engine\debug\engine.tlog\fxc.read.1.tlog
i:\dxstudy\rastertek\engine\debug\engine.tlog\fxc.write.1.tlog
i:\dxstudy\rastertek\engine\debug\engine.tlog\link.command.1.tlog
i:\dxstudy\rastertek\engine\debug\engine.tlog\link.read.1.tlog
i:\dxstudy\rastertek\engine\debug\engine.tlog\link.write.1.tlog
