i:\dxstudy\deferredrenerer_dx11\debug\vc143.pdb
i:\dxstudy\deferredrenerer_dx11\debug\vc143.idb
i:\dxstudy\deferredrenerer_dx11\debug\textureclass.obj
i:\dxstudy\deferredrenerer_dx11\debug\systemclass.obj
i:\dxstudy\deferredrenerer_dx11\debug\shadowshaderclass.obj
i:\dxstudy\deferredrenerer_dx11\debug\rendertotextureclass.obj
i:\dxstudy\deferredrenerer_dx11\debug\orthowindowclass.obj
i:\dxstudy\deferredrenerer_dx11\debug\modelclass.obj
i:\dxstudy\deferredrenerer_dx11\debug\main.obj
i:\dxstudy\deferredrenerer_dx11\debug\lightshaderclass.obj
i:\dxstudy\deferredrenerer_dx11\debug\lightclass.obj
i:\dxstudy\deferredrenerer_dx11\debug\inputclass.obj
i:\dxstudy\deferredrenerer_dx11\debug\graphicsclass.obj
i:\dxstudy\deferredrenerer_dx11\debug\fpsclass.obj
i:\dxstudy\deferredrenerer_dx11\debug\depthshaderclass.obj
i:\dxstudy\deferredrenerer_dx11\debug\deferredshaderclass.obj
i:\dxstudy\deferredrenerer_dx11\debug\deferredbuffersclass.obj
i:\dxstudy\deferredrenerer_dx11\debug\d3dclass.obj
i:\dxstudy\deferredrenerer_dx11\debug\cpuclass.obj
i:\dxstudy\deferredrenerer_dx11\debug\colorshaderclass.obj
i:\dxstudy\deferredrenerer_dx11\debug\cameraclass.obj
i:\dxstudy\deferredrenerer_dx11\debug\bitmapclass.obj
i:\dxstudy\deferredrenerer_dx11\debug\timerclass.obj
i:\dxstudy\deferredrenerer_dx11\debug\textureshaderclass.obj
i:\dxstudy\deferredrenerer_dx11\debug\deferredshading.exe
i:\dxstudy\deferredrenerer_dx11\debug\deferredshading.ilk
i:\dxstudy\deferredrenerer_dx11\debug\deferredshading.pdb
i:\dxstudy\deferredrenerer_dx11\debug\deferredshading.tlog\cl.command.1.tlog
i:\dxstudy\deferredrenerer_dx11\debug\deferredshading.tlog\cl.items.tlog
i:\dxstudy\deferredrenerer_dx11\debug\deferredshading.tlog\cl.read.1.tlog
i:\dxstudy\deferredrenerer_dx11\debug\deferredshading.tlog\cl.write.1.tlog
i:\dxstudy\deferredrenerer_dx11\debug\deferredshading.tlog\link.command.1.tlog
i:\dxstudy\deferredrenerer_dx11\debug\deferredshading.tlog\link.read.1.tlog
i:\dxstudy\deferredrenerer_dx11\debug\deferredshading.tlog\link.write.1.tlog
