i:\dxstudy\rastertek\projectivetexturing\debug\vc143.pdb
i:\dxstudy\rastertek\projectivetexturing\debug\vc143.idb
i:\dxstudy\rastertek\projectivetexturing\debug\viewpointclass.obj
i:\dxstudy\rastertek\projectivetexturing\debug\timerclass.obj
i:\dxstudy\rastertek\projectivetexturing\debug\textureclass.obj
i:\dxstudy\rastertek\projectivetexturing\debug\systemclass.obj
i:\dxstudy\rastertek\projectivetexturing\debug\modelclass.obj
i:\dxstudy\rastertek\projectivetexturing\debug\main.obj
i:\dxstudy\rastertek\projectivetexturing\debug\lightclass.obj
i:\dxstudy\rastertek\projectivetexturing\debug\inputclass.obj
i:\dxstudy\rastertek\projectivetexturing\debug\graphicsclass.obj
i:\dxstudy\rastertek\projectivetexturing\debug\fpsclass.obj
i:\dxstudy\rastertek\projectivetexturing\debug\depthshaderclass.obj
i:\dxstudy\rastertek\projectivetexturing\debug\d3dclass.obj
i:\dxstudy\rastertek\projectivetexturing\debug\cpuclass.obj
i:\dxstudy\rastertek\projectivetexturing\debug\cameraclass.obj
i:\dxstudy\rastertek\projectivetexturing\debug\bitmapclass.obj
i:\dxstudy\rastertek\projectivetexturing\debug\projectionshaderclass.obj
i:\dxstudy\rastertek\projectivetexturing\debug\projectivetexturing.ilk
i:\dxstudy\rastertek\projectivetexturing\debug\projectivetexturing.exe
i:\dxstudy\rastertek\projectivetexturing\debug\projectivetexturing.pdb
i:\dxstudy\rastertek\projectivetexturing\debug\colorshaderclass.obj
i:\dxstudy\rastertek\projectivetexturing\debug\horizontalblurshaderclass.obj
i:\dxstudy\rastertek\projectivetexturing\debug\orthowindowclass.obj
i:\dxstudy\rastertek\projectivetexturing\debug\rendertotextureclass.obj
i:\dxstudy\rastertek\projectivetexturing\debug\shadowshaderclass.obj
i:\dxstudy\rastertek\projectivetexturing\debug\softshadowshaderclass.obj
i:\dxstudy\rastertek\projectivetexturing\debug\textureshaderclass.obj
i:\dxstudy\rastertek\projectivetexturing\debug\verticalblurshaderclass.obj
i:\dxstudy\rastertek\projectivetexturing\debug\shadowmapping.ilk
i:\dxstudy\rastertek\projectivetexturing\debug\shadowmapping.pdb
i:\dxstudy\rastertek\projectivetexturing\debug\projecti.5c8f3590.tlog\cl.command.1.tlog
i:\dxstudy\rastertek\projectivetexturing\debug\projecti.5c8f3590.tlog\cl.items.tlog
i:\dxstudy\rastertek\projectivetexturing\debug\projecti.5c8f3590.tlog\cl.read.1.tlog
i:\dxstudy\rastertek\projectivetexturing\debug\projecti.5c8f3590.tlog\cl.write.1.tlog
i:\dxstudy\rastertek\projectivetexturing\debug\projecti.5c8f3590.tlog\link.command.1.tlog
i:\dxstudy\rastertek\projectivetexturing\debug\projecti.5c8f3590.tlog\link.read.1.tlog
i:\dxstudy\rastertek\projectivetexturing\debug\projecti.5c8f3590.tlog\link.write.1.tlog
