i:\dxstudy\rastertek\directionalshadowmapping\debug\bitmapclass.obj
i:\dxstudy\rastertek\directionalshadowmapping\debug\cameraclass.obj
i:\dxstudy\rastertek\directionalshadowmapping\debug\colorshaderclass.obj
i:\dxstudy\rastertek\directionalshadowmapping\debug\cpuclass.obj
i:\dxstudy\rastertek\directionalshadowmapping\debug\d3dclass.obj
i:\dxstudy\rastertek\directionalshadowmapping\debug\depthshaderclass.obj
i:\dxstudy\rastertek\directionalshadowmapping\debug\fpsclass.obj
i:\dxstudy\rastertek\directionalshadowmapping\debug\graphicsclass.obj
i:\dxstudy\rastertek\directionalshadowmapping\debug\horizontalblurshaderclass.obj
i:\dxstudy\rastertek\directionalshadowmapping\debug\inputclass.obj
i:\dxstudy\rastertek\directionalshadowmapping\debug\lightclass.obj
i:\dxstudy\rastertek\directionalshadowmapping\debug\main.obj
i:\dxstudy\rastertek\directionalshadowmapping\debug\modelclass.obj
i:\dxstudy\rastertek\directionalshadowmapping\debug\orthowindowclass.obj
i:\dxstudy\rastertek\directionalshadowmapping\debug\rendertotextureclass.obj
i:\dxstudy\rastertek\directionalshadowmapping\debug\shadowshaderclass.obj
i:\dxstudy\rastertek\directionalshadowmapping\debug\softshadowshaderclass.obj
i:\dxstudy\rastertek\directionalshadowmapping\debug\systemclass.obj
i:\dxstudy\rastertek\directionalshadowmapping\debug\textureclass.obj
i:\dxstudy\rastertek\directionalshadowmapping\debug\textureshaderclass.obj
i:\dxstudy\rastertek\directionalshadowmapping\debug\timerclass.obj
i:\dxstudy\rastertek\directionalshadowmapping\debug\verticalblurshaderclass.obj
i:\dxstudy\rastertek\directionalshadowmapping\debug\shadowmapping.ilk
i:\dxstudy\rastertek\directionalshadowmapping\debug\vc143.idb
i:\dxstudy\rastertek\directionalshadowmapping\debug\shadowmapping.pdb
i:\dxstudy\rastertek\directionalshadowmapping\debug\vc143.pdb
