i:\dxstudy\rastertek\picking\debug\vc143.pdb
i:\dxstudy\rastertek\picking\debug\vc143.idb
i:\dxstudy\rastertek\picking\debug\timerclass.obj
i:\dxstudy\rastertek\picking\debug\textureshaderclass.obj
i:\dxstudy\rastertek\picking\debug\textureclass.obj
i:\dxstudy\rastertek\picking\debug\systemclass.obj
i:\dxstudy\rastertek\picking\debug\rendertotextureclass.obj
i:\dxstudy\rastertek\picking\debug\projectionshaderclass.obj
i:\dxstudy\rastertek\picking\debug\orthowindowclass.obj
i:\dxstudy\rastertek\picking\debug\modelclass.obj
i:\dxstudy\rastertek\picking\debug\main.obj
i:\dxstudy\rastertek\picking\debug\lightshaderclass.obj
i:\dxstudy\rastertek\picking\debug\lightclass.obj
i:\dxstudy\rastertek\picking\debug\inputclass.obj
i:\dxstudy\rastertek\picking\debug\horizontalblurshaderclass.obj
i:\dxstudy\rastertek\picking\debug\graphicsclass.obj
i:\dxstudy\rastertek\picking\debug\glowshaderclass.obj
i:\dxstudy\rastertek\picking\debug\fpsclass.obj
i:\dxstudy\rastertek\picking\debug\d3dclass.obj
i:\dxstudy\rastertek\picking\debug\cpuclass.obj
i:\dxstudy\rastertek\picking\debug\cameraclass.obj
i:\dxstudy\rastertek\picking\debug\bitmapclass.obj
i:\dxstudy\rastertek\picking\debug\viewpointclass.obj
i:\dxstudy\rastertek\picking\debug\verticalblurshaderclass.obj
i:\dxstudy\rastertek\picking\debug\picking.exe
i:\dxstudy\rastertek\picking\debug\picking.ilk
i:\dxstudy\rastertek\picking\debug\picking.pdb
i:\dxstudy\rastertek\picking\debug\glow.ilk
i:\dxstudy\rastertek\picking\debug\glow.pdb
i:\dxstudy\rastertek\picking\debug\picking.tlog\cl.command.1.tlog
i:\dxstudy\rastertek\picking\debug\picking.tlog\cl.items.tlog
i:\dxstudy\rastertek\picking\debug\picking.tlog\cl.read.1.tlog
i:\dxstudy\rastertek\picking\debug\picking.tlog\cl.write.1.tlog
i:\dxstudy\rastertek\picking\debug\picking.tlog\link.command.1.tlog
i:\dxstudy\rastertek\picking\debug\picking.tlog\link.read.1.tlog
i:\dxstudy\rastertek\picking\debug\picking.tlog\link.write.1.tlog
