i:\dxstudy\rastertek\directionalshadowmapping\debug\vc143.pdb
i:\dxstudy\rastertek\directionalshadowmapping\debug\vc143.idb
i:\dxstudy\rastertek\directionalshadowmapping\debug\textureclass.obj
i:\dxstudy\rastertek\directionalshadowmapping\debug\systemclass.obj
i:\dxstudy\rastertek\directionalshadowmapping\debug\softshadowshaderclass.obj
i:\dxstudy\rastertek\directionalshadowmapping\debug\shadowshaderclass.obj
i:\dxstudy\rastertek\directionalshadowmapping\debug\rendertotextureclass.obj
i:\dxstudy\rastertek\directionalshadowmapping\debug\modelclass.obj
i:\dxstudy\rastertek\directionalshadowmapping\debug\main.obj
i:\dxstudy\rastertek\directionalshadowmapping\debug\lightclass.obj
i:\dxstudy\rastertek\directionalshadowmapping\debug\inputclass.obj
i:\dxstudy\rastertek\directionalshadowmapping\debug\graphicsclass.obj
i:\dxstudy\rastertek\directionalshadowmapping\debug\fpsclass.obj
i:\dxstudy\rastertek\directionalshadowmapping\debug\depthshaderclass.obj
i:\dxstudy\rastertek\directionalshadowmapping\debug\d3dclass.obj
i:\dxstudy\rastertek\directionalshadowmapping\debug\cpuclass.obj
i:\dxstudy\rastertek\directionalshadowmapping\debug\colorshaderclass.obj
i:\dxstudy\rastertek\directionalshadowmapping\debug\cameraclass.obj
i:\dxstudy\rastertek\directionalshadowmapping\debug\bitmapclass.obj
i:\dxstudy\rastertek\directionalshadowmapping\debug\verticalblurshaderclass.obj
i:\dxstudy\rastertek\directionalshadowmapping\debug\orthowindowclass.obj
i:\dxstudy\rastertek\directionalshadowmapping\debug\horizontalblurshaderclass.obj
i:\dxstudy\rastertek\directionalshadowmapping\debug\timerclass.obj
i:\dxstudy\rastertek\directionalshadowmapping\debug\textureshaderclass.obj
i:\dxstudy\rastertek\directionalshadowmapping\debug\directionalshadowmapping.ilk
i:\dxstudy\rastertek\directionalshadowmapping\debug\directionalshadowmapping.exe
i:\dxstudy\rastertek\directionalshadowmapping\debug\directionalshadowmapping.pdb
i:\dxstudy\rastertek\directionalshadowmapping\debug\directio.5c8f3590.tlog\cl.command.1.tlog
i:\dxstudy\rastertek\directionalshadowmapping\debug\directio.5c8f3590.tlog\cl.items.tlog
i:\dxstudy\rastertek\directionalshadowmapping\debug\directio.5c8f3590.tlog\cl.read.1.tlog
i:\dxstudy\rastertek\directionalshadowmapping\debug\directio.5c8f3590.tlog\cl.write.1.tlog
i:\dxstudy\rastertek\directionalshadowmapping\debug\directio.5c8f3590.tlog\link.command.1.tlog
i:\dxstudy\rastertek\directionalshadowmapping\debug\directio.5c8f3590.tlog\link.read.1.tlog
i:\dxstudy\rastertek\directionalshadowmapping\debug\directio.5c8f3590.tlog\link.write.1.tlog
