i:\dxstudy\rastertek\shadowmapping\debug\bitmapclass.obj
i:\dxstudy\rastertek\shadowmapping\debug\cameraclass.obj
i:\dxstudy\rastertek\shadowmapping\debug\colorshaderclass.obj
i:\dxstudy\rastertek\shadowmapping\debug\cpuclass.obj
i:\dxstudy\rastertek\shadowmapping\debug\d3dclass.obj
i:\dxstudy\rastertek\shadowmapping\debug\debugwindowclass.obj
i:\dxstudy\rastertek\shadowmapping\debug\depthshaderclass.obj
i:\dxstudy\rastertek\shadowmapping\debug\fadeshaderclass.obj
i:\dxstudy\rastertek\shadowmapping\debug\fireshaderclass.obj
i:\dxstudy\rastertek\shadowmapping\debug\fontclass.obj
i:\dxstudy\rastertek\shadowmapping\debug\fontshaderclass.obj
i:\dxstudy\rastertek\shadowmapping\debug\fpsclass.obj
i:\dxstudy\rastertek\shadowmapping\debug\graphicsclass.obj
i:\dxstudy\rastertek\shadowmapping\debug\inputclass.obj
i:\dxstudy\rastertek\shadowmapping\debug\lightclass.obj
i:\dxstudy\rastertek\shadowmapping\debug\main.obj
i:\dxstudy\rastertek\shadowmapping\debug\modelclass.obj
i:\dxstudy\rastertek\shadowmapping\debug\multitextureshaderclass.obj
i:\dxstudy\rastertek\shadowmapping\debug\particleshaderclass.obj
i:\dxstudy\rastertek\shadowmapping\debug\particlesystemclass.obj
i:\dxstudy\rastertek\shadowmapping\debug\positionclass.obj
i:\dxstudy\rastertek\shadowmapping\debug\reflectionshaderclass.obj
i:\dxstudy\rastertek\shadowmapping\debug\rendertotextureclass.obj
i:\dxstudy\rastertek\shadowmapping\debug\systemclass.obj
i:\dxstudy\rastertek\shadowmapping\debug\textclass.obj
i:\dxstudy\rastertek\shadowmapping\debug\texturearrayclass.obj
i:\dxstudy\rastertek\shadowmapping\debug\textureclass.obj
i:\dxstudy\rastertek\shadowmapping\debug\textureshaderclass.obj
i:\dxstudy\rastertek\shadowmapping\debug\timerclass.obj
i:\dxstudy\rastertek\shadowmapping\debug\transparentshaderclass.obj
i:\dxstudy\rastertek\shadowmapping\debug\depthbuffer.ilk
i:\dxstudy\rastertek\shadowmapping\debug\fire.ilk
i:\dxstudy\rastertek\shadowmapping\debug\multitexture.ilk
i:\dxstudy\rastertek\shadowmapping\debug\particles.ilk
i:\dxstudy\rastertek\shadowmapping\debug\tessellation.ilk
i:\dxstudy\rastertek\shadowmapping\debug\vc142.idb
i:\dxstudy\rastertek\shadowmapping\debug\vc143.idb
i:\dxstudy\rastertek\shadowmapping\debug\depthbuffer.pdb
i:\dxstudy\rastertek\shadowmapping\debug\fire.pdb
i:\dxstudy\rastertek\shadowmapping\debug\multitexture.pdb
i:\dxstudy\rastertek\shadowmapping\debug\particles.pdb
i:\dxstudy\rastertek\shadowmapping\debug\tessellation.pdb
i:\dxstudy\rastertek\shadowmapping\debug\vc142.pdb
i:\dxstudy\rastertek\shadowmapping\debug\vc143.pdb
